# JRE version: Java(TM) SE Runtime Environment (8.0_171-b11) (build 1.8.0_171-b11)
# Java VM: Java HotSpot(TM) 64-Bit Server VM (25.171-b11 mixed mode windows-amd64 compressed oops)
Heap:
 PSYoungGen      total 1255936K, used 390451K [0x000000076b600000, 0x00000007c0000000, 0x00000007c0000000)
  eden space 1205248K, 28% used [0x000000076b600000,0x00000007801d4c10,0x00000007b4f00000)
  from space 50688K, 99% used [0x00000007bce80000,0x00000007bfff8110,0x00000007c0000000)
  to   space 90624K, 0% used [0x00000007b4f00000,0x00000007b4f00000,0x00000007ba780000)
 ParOldGen       total 329728K, used 195928K [0x00000006c2200000, 0x00000006d6400000, 0x000000076b600000)
  object space 329728K, 59% used [0x00000006c2200000,0x00000006ce156160,0x00000006d6400000)
 Metaspace       used 28105K, capacity 29186K, committed 29440K, reserved 1075200K
  class space    used 3573K, capacity 3812K, committed 3840K, reserved 1048576K
GC Heap History (10 events):
Event: 45584.573 GC heap before
{Heap before GC invocations=145 (full 6):
 PSYoungGen      total 1332736K, used 1332308K [0x000000076b600000, 0x00000007c0000000, 0x00000007c0000000)
  eden space 1296384K, 100% used [0x000000076b600000,0x00000007ba800000,0x00000007ba800000)
  from space 36352K, 98% used [0x00000007ba800000,0x00000007bcb150f0,0x00000007bcb80000)
  to   space 49152K, 0% used [0x00000007bd000000,0x00000007bd000000,0x00000007c0000000)
 ParOldGen       total 329728K, used 111743K [0x00000006c2200000, 0x00000006d6400000, 0x000000076b600000)
  object space 329728K, 33% used [0x00000006c2200000,0x00000006c8f1fe10,0x00000006d6400000)
 Metaspace       used 28084K, capacity 29186K, committed 29440K, reserved 1075200K
  class space    used 3573K, capacity 3812K, committed 3840K, reserved 1048576K
Event: 45584.576 GC heap after
Heap after GC invocations=145 (full 6):
 PSYoungGen      total 1339392K, used 13578K [0x000000076b600000, 0x00000007c0000000, 0x00000007c0000000)
  eden space 1290240K, 0% used [0x000000076b600000,0x000000076b600000,0x00000007ba200000)
  from space 49152K, 27% used [0x00000007bd000000,0x00000007bdd42a60,0x00000007c0000000)
  to   space 47104K, 0% used [0x00000007ba200000,0x00000007ba200000,0x00000007bd000000)
 ParOldGen       total 329728K, used 111759K [0x00000006c2200000, 0x00000006d6400000, 0x000000076b600000)
  object space 329728K, 33% used [0x00000006c2200000,0x00000006c8f23e10,0x00000006d6400000)
 Metaspace       used 28084K, capacity 29186K, committed 29440K, reserved 1075200K
  class space    used 3573K, capacity 3812K, committed 3840K, reserved 1048576K
}
Event: 45584.823 GC heap before
{Heap before GC invocations=146 (full 6):
 PSYoungGen      total 1339392K, used 1303818K [0x000000076b600000, 0x00000007c0000000, 0x00000007c0000000)
  eden space 1290240K, 100% used [0x000000076b600000,0x00000007ba200000,0x00000007ba200000)
  from space 49152K, 27% used [0x00000007bd000000,0x00000007bdd42a60,0x00000007c0000000)
  to   space 47104K, 0% used [0x00000007ba200000,0x00000007ba200000,0x00000007bd000000)
 ParOldGen       total 329728K, used 111759K [0x00000006c2200000, 0x00000006d6400000, 0x000000076b600000)
  object space 329728K, 33% used [0x00000006c2200000,0x00000006c8f23e10,0x00000006d6400000)
 Metaspace       used 28084K, capacity 29186K, committed 29440K, reserved 1075200K
  class space    used 3573K, capacity 3812K, committed 3840K, reserved 1048576K
Event: 45584.827 GC heap after
Heap after GC invocations=146 (full 6):
 PSYoungGen      total 1337344K, used 25514K [0x000000076b600000, 0x00000007bfe00000, 0x00000007c0000000)
  eden space 1290240K, 0% used [0x000000076b600000,0x000000076b600000,0x00000007ba200000)
  from space 47104K, 54% used [0x00000007ba200000,0x00000007bbaeaa60,0x00000007bd000000)
  to   space 47104K, 0% used [0x00000007bd000000,0x00000007bd000000,0x00000007bfe00000)
 ParOldGen       total 329728K, used 111759K [0x00000006c2200000, 0x00000006d6400000, 0x000000076b600000)
  object space 329728K, 33% used [0x00000006c2200000,0x00000006c8f23e10,0x00000006d6400000)
 Metaspace       used 28084K, capacity 29186K, committed 29440K, reserved 1075200K
  class space    used 3573K, capacity 3812K, committed 3840K, reserved 1048576K
}
Event: 45585.056 GC heap before
{Heap before GC invocations=147 (full 6):
 PSYoungGen      total 1337344K, used 1315754K [0x000000076b600000, 0x00000007bfe00000, 0x00000007c0000000)
  eden space 1290240K, 100% used [0x000000076b600000,0x00000007ba200000,0x00000007ba200000)
  from space 47104K, 54% used [0x00000007ba200000,0x00000007bbaeaa60,0x00000007bd000000)
  to   space 47104K, 0% used [0x00000007bd000000,0x00000007bd000000,0x00000007bfe00000)
 ParOldGen       total 329728K, used 111759K [0x00000006c2200000, 0x00000006d6400000, 0x000000076b600000)
  object space 329728K, 33% used [0x00000006c2200000,0x00000006c8f23e10,0x00000006d6400000)
 Metaspace       used 28084K, capacity 29186K, committed 29440K, reserved 1075200K
  class space    used 3573K, capacity 3812K, committed 3840K, reserved 1048576K
Event: 45585.062 GC heap after
Heap after GC invocations=147 (full 6):
 PSYoungGen      total 1332224K, used 35796K [0x000000076b600000, 0x00000007c0000000, 0x00000007c0000000)
  eden space 1285120K, 0% used [0x000000076b600000,0x000000076b600000,0x00000007b9d00000)
  from space 47104K, 75% used [0x00000007bd000000,0x00000007bf2f50f0,0x00000007bfe00000)
  to   space 50688K, 0% used [0x00000007b9d00000,0x00000007b9d00000,0x00000007bce80000)
 ParOldGen       total 329728K, used 111759K [0x00000006c2200000, 0x00000006d6400000, 0x000000076b600000)
  object space 329728K, 33% used [0x00000006c2200000,0x00000006c8f23e10,0x00000006d6400000)
 Metaspace       used 28084K, capacity 29186K, committed 29440K, reserved 1075200K
  class space    used 3573K, capacity 3812K, committed 3840K, reserved 1048576K
}
Event: 45623.584 GC heap before
{Heap before GC invocations=148 (full 6):
 PSYoungGen      total 1332224K, used 1320916K [0x000000076b600000, 0x00000007c0000000, 0x00000007c0000000)
  eden space 1285120K, 100% used [0x000000076b600000,0x00000007b9d00000,0x00000007b9d00000)
  from space 47104K, 75% used [0x00000007bd000000,0x00000007bf2f50f0,0x00000007bfe00000)
  to   space 50688K, 0% used [0x00000007b9d00000,0x00000007b9d00000,0x00000007bce80000)
 ParOldGen       total 329728K, used 111759K [0x00000006c2200000, 0x00000006d6400000, 0x000000076b600000)
  object space 329728K, 33% used [0x00000006c2200000,0x00000006c8f23e10,0x00000006d6400000)
 Metaspace       used 28088K, capacity 29186K, committed 29440K, reserved 1075200K
  class space    used 3573K, capacity 3812K, committed 3840K, reserved 1048576K
Event: 45623.646 GC heap after
Heap after GC invocations=148 (full 6):
 PSYoungGen      total 1335808K, used 50675K [0x000000076b600000, 0x00000007c0000000, 0x00000007c0000000)
  eden space 1285120K, 0% used [0x000000076b600000,0x000000076b600000,0x00000007b9d00000)
  from space 50688K, 99% used [0x00000007b9d00000,0x00000007bce7cc60,0x00000007bce80000)
  to   space 50688K, 0% used [0x00000007bce80000,0x00000007bce80000,0x00000007c0000000)
 ParOldGen       total 329728K, used 193847K [0x00000006c2200000, 0x00000006d6400000, 0x000000076b600000)
  object space 329728K, 58% used [0x00000006c2200000,0x00000006cdf4de10,0x00000006d6400000)
 Metaspace       used 28088K, capacity 29186K, committed 29440K, reserved 1075200K
  class space    used 3573K, capacity 3812K, committed 3840K, reserved 1048576K
}
Event: 45650.186 GC heap before
{Heap before GC invocations=149 (full 6):
 PSYoungGen      total 1335808K, used 1335795K [0x000000076b600000, 0x00000007c0000000, 0x00000007c0000000)
  eden space 1285120K, 100% used [0x000000076b600000,0x00000007b9d00000,0x00000007b9d00000)
  from space 50688K, 99% used [0x00000007b9d00000,0x00000007bce7cc60,0x00000007bce80000)
  to   space 50688K, 0% used [0x00000007bce80000,0x00000007bce80000,0x00000007c0000000)
 ParOldGen       total 329728K, used 194913K [0x00000006c2200000, 0x00000006d6400000, 0x000000076b600000)
  object space 329728K, 59% used [0x00000006c2200000,0x00000006ce0584a0,0x00000006d6400000)
 Metaspace       used 28104K, capacity 29186K, committed 29440K, reserved 1075200K
  class space    used 3573K, capacity 3812K, committed 3840K, reserved 1048576K
Event: 45650.198 GC heap after
Heap after GC invocations=149 (full 6):
 PSYoungGen      total 1255936K, used 50656K [0x000000076b600000, 0x00000007c0000000, 0x00000007c0000000)
  eden space 1205248K, 0% used [0x000000076b600000,0x000000076b600000,0x00000007b4f00000)
  from space 50688K, 99% used [0x00000007bce80000,0x00000007bfff8110,0x00000007c0000000)
  to   space 90624K, 0% used [0x00000007b4f00000,0x00000007b4f00000,0x00000007ba780000)
 ParOldGen       total 329728K, used 195928K [0x00000006c2200000, 0x00000006d6400000, 0x000000076b600000)
  object space 329728K, 59% used [0x00000006c2200000,0x00000006ce156160,0x00000006d6400000)
 Metaspace       used 28104K, capacity 29186K, committed 29440K, reserved 1075200K
  class space    used 3573K, capacity 3812K, committed 3840K, reserved 1048576K
}

